[debug] Running TaskDef(dataStructures.StackTest, org.scalatest.tools.Framework$$anon$1@749791a4, false, [SuiteSelector])
[debug] Running TaskDef(percolation.PercolationTest, org.scalatest.tools.Framework$$anon$1@749791a4, false, [SuiteSelector])
[debug] Running TaskDef(percolation.ConnectionManagerTest, org.scalatest.tools.Framework$$anon$1@749791a4, false, [SuiteSelector])
[info] Run completed in 297 milliseconds.
[info] Total number of tests run: 19
[info] Suites: completed 3, aborted 0
[info] Tests: succeeded 18, failed 1, canceled 0, ignored 0, pending 0
[info] *** 1 TEST FAILED ***
[debug] Passed tests:
[debug] 	percolation.ConnectionManagerTest
[debug] 	percolation.PercolationTest
[error] Failed tests:
[error] 	dataStructures.StackTest
[error] (Test / test) sbt.TestsFailedException: Tests unsuccessful
